{"/home/joe404/Portfolio-js/controllers/discountController.js": {"path":"/home/joe404/Portfolio-js/controllers/discountController.js","statementMap":{"0":{"start":{"line":1,"column":17},"end":{"line":1,"column":51}},"1":{"start":{"line":13,"column":21},"end":{"line":35,"column":1}},"2":{"start":{"line":14,"column":2},"end":{"line":34,"column":3}},"3":{"start":{"line":15,"column":22},"end":{"line":15,"column":43}},"4":{"start":{"line":16,"column":4},"end":{"line":19,"column":5}},"5":{"start":{"line":17,"column":6},"end":{"line":17,"column":22}},"6":{"start":{"line":18,"column":6},"end":{"line":18,"column":58}},"7":{"start":{"line":20,"column":27},"end":{"line":24,"column":6}},"8":{"start":{"line":21,"column":24},"end":{"line":21,"column":52}},"9":{"start":{"line":22,"column":22},"end":{"line":22,"column":48}},"10":{"start":{"line":23,"column":6},"end":{"line":23,"column":34}},"11":{"start":{"line":26,"column":4},"end":{"line":29,"column":5}},"12":{"start":{"line":27,"column":6},"end":{"line":27,"column":22}},"13":{"start":{"line":28,"column":6},"end":{"line":28,"column":50}},"14":{"start":{"line":31,"column":4},"end":{"line":31,"column":48}},"15":{"start":{"line":33,"column":4},"end":{"line":33,"column":16}},"16":{"start":{"line":48,"column":20},"end":{"line":59,"column":1}},"17":{"start":{"line":49,"column":2},"end":{"line":58,"column":3}},"18":{"start":{"line":50,"column":21},"end":{"line":50,"column":59}},"19":{"start":{"line":51,"column":4},"end":{"line":54,"column":5}},"20":{"start":{"line":52,"column":6},"end":{"line":52,"column":22}},"21":{"start":{"line":53,"column":6},"end":{"line":53,"column":57}},"22":{"start":{"line":55,"column":4},"end":{"line":55,"column":42}},"23":{"start":{"line":57,"column":4},"end":{"line":57,"column":16}},"24":{"start":{"line":73,"column":23},"end":{"line":117,"column":1}},"25":{"start":{"line":74,"column":2},"end":{"line":116,"column":3}},"26":{"start":{"line":75,"column":69},"end":{"line":75,"column":77}},"27":{"start":{"line":76,"column":4},"end":{"line":79,"column":5}},"28":{"start":{"line":77,"column":6},"end":{"line":77,"column":22}},"29":{"start":{"line":78,"column":6},"end":{"line":78,"column":42}},"30":{"start":{"line":80,"column":4},"end":{"line":83,"column":5}},"31":{"start":{"line":81,"column":6},"end":{"line":81,"column":22}},"32":{"start":{"line":82,"column":6},"end":{"line":82,"column":63}},"33":{"start":{"line":84,"column":4},"end":{"line":87,"column":5}},"34":{"start":{"line":85,"column":6},"end":{"line":85,"column":22}},"35":{"start":{"line":86,"column":6},"end":{"line":86,"column":46}},"36":{"start":{"line":88,"column":4},"end":{"line":91,"column":5}},"37":{"start":{"line":89,"column":6},"end":{"line":89,"column":22}},"38":{"start":{"line":90,"column":6},"end":{"line":90,"column":48}},"39":{"start":{"line":92,"column":4},"end":{"line":95,"column":5}},"40":{"start":{"line":93,"column":6},"end":{"line":93,"column":22}},"41":{"start":{"line":94,"column":6},"end":{"line":94,"column":46}},"42":{"start":{"line":96,"column":4},"end":{"line":99,"column":5}},"43":{"start":{"line":97,"column":6},"end":{"line":97,"column":22}},"44":{"start":{"line":98,"column":6},"end":{"line":98,"column":45}},"45":{"start":{"line":100,"column":4},"end":{"line":103,"column":5}},"46":{"start":{"line":101,"column":6},"end":{"line":101,"column":22}},"47":{"start":{"line":102,"column":6},"end":{"line":102,"column":51}},"48":{"start":{"line":104,"column":24},"end":{"line":111,"column":6}},"49":{"start":{"line":112,"column":26},"end":{"line":112,"column":50}},"50":{"start":{"line":113,"column":4},"end":{"line":113,"column":47}},"51":{"start":{"line":115,"column":4},"end":{"line":115,"column":16}},"52":{"start":{"line":132,"column":23},"end":{"line":170,"column":1}},"53":{"start":{"line":133,"column":2},"end":{"line":169,"column":3}},"54":{"start":{"line":134,"column":69},"end":{"line":134,"column":77}},"55":{"start":{"line":135,"column":24},"end":{"line":135,"column":26}},"56":{"start":{"line":136,"column":4},"end":{"line":136,"column":38}},"57":{"start":{"line":136,"column":14},"end":{"line":136,"column":38}},"58":{"start":{"line":137,"column":4},"end":{"line":137,"column":50}},"59":{"start":{"line":137,"column":18},"end":{"line":137,"column":50}},"60":{"start":{"line":138,"column":4},"end":{"line":138,"column":56}},"61":{"start":{"line":138,"column":20},"end":{"line":138,"column":56}},"62":{"start":{"line":139,"column":4},"end":{"line":139,"column":50}},"63":{"start":{"line":139,"column":18},"end":{"line":139,"column":50}},"64":{"start":{"line":140,"column":4},"end":{"line":140,"column":44}},"65":{"start":{"line":140,"column":16},"end":{"line":140,"column":44}},"66":{"start":{"line":141,"column":4},"end":{"line":141,"column":44}},"67":{"start":{"line":141,"column":16},"end":{"line":141,"column":44}},"68":{"start":{"line":142,"column":4},"end":{"line":145,"column":5}},"69":{"start":{"line":143,"column":6},"end":{"line":143,"column":22}},"70":{"start":{"line":144,"column":6},"end":{"line":144,"column":57}},"71":{"start":{"line":146,"column":4},"end":{"line":151,"column":5}},"72":{"start":{"line":147,"column":6},"end":{"line":150,"column":7}},"73":{"start":{"line":148,"column":8},"end":{"line":148,"column":24}},"74":{"start":{"line":149,"column":8},"end":{"line":149,"column":57}},"75":{"start":{"line":152,"column":22},"end":{"line":159,"column":5}},"76":{"start":{"line":160,"column":4},"end":{"line":163,"column":5}},"77":{"start":{"line":161,"column":6},"end":{"line":161,"column":22}},"78":{"start":{"line":162,"column":6},"end":{"line":162,"column":57}},"79":{"start":{"line":164,"column":4},"end":{"line":164,"column":38}},"80":{"start":{"line":165,"column":26},"end":{"line":165,"column":48}},"81":{"start":{"line":166,"column":4},"end":{"line":166,"column":47}},"82":{"start":{"line":168,"column":4},"end":{"line":168,"column":16}},"83":{"start":{"line":183,"column":23},"end":{"line":194,"column":1}},"84":{"start":{"line":184,"column":2},"end":{"line":193,"column":3}},"85":{"start":{"line":185,"column":21},"end":{"line":185,"column":68}},"86":{"start":{"line":186,"column":4},"end":{"line":189,"column":5}},"87":{"start":{"line":187,"column":6},"end":{"line":187,"column":22}},"88":{"start":{"line":188,"column":6},"end":{"line":188,"column":57}},"89":{"start":{"line":190,"column":4},"end":{"line":190,"column":42}},"90":{"start":{"line":192,"column":4},"end":{"line":192,"column":16}},"91":{"start":{"line":206,"column":31},"end":{"line":227,"column":1}},"92":{"start":{"line":207,"column":2},"end":{"line":226,"column":3}},"93":{"start":{"line":208,"column":21},"end":{"line":208,"column":56}},"94":{"start":{"line":209,"column":4},"end":{"line":211,"column":5}},"95":{"start":{"line":210,"column":6},"end":{"line":210,"column":44}},"96":{"start":{"line":212,"column":4},"end":{"line":214,"column":5}},"97":{"start":{"line":213,"column":6},"end":{"line":213,"column":64}},"98":{"start":{"line":215,"column":4},"end":{"line":215,"column":28}},"99":{"start":{"line":216,"column":4},"end":{"line":218,"column":5}},"100":{"start":{"line":217,"column":6},"end":{"line":217,"column":35}},"101":{"start":{"line":219,"column":4},"end":{"line":219,"column":37}},"102":{"start":{"line":220,"column":4},"end":{"line":220,"column":26}},"103":{"start":{"line":221,"column":4},"end":{"line":221,"column":44}},"104":{"start":{"line":222,"column":4},"end":{"line":222,"column":20}},"105":{"start":{"line":224,"column":4},"end":{"line":224,"column":71}},"106":{"start":{"line":225,"column":4},"end":{"line":225,"column":16}},"107":{"start":{"line":239,"column":31},"end":{"line":259,"column":1}},"108":{"start":{"line":240,"column":2},"end":{"line":258,"column":3}},"109":{"start":{"line":241,"column":22},"end":{"line":241,"column":63}},"110":{"start":{"line":242,"column":4},"end":{"line":244,"column":5}},"111":{"start":{"line":243,"column":6},"end":{"line":243,"column":45}},"112":{"start":{"line":245,"column":19},"end":{"line":251,"column":22}},"113":{"start":{"line":246,"column":6},"end":{"line":250,"column":7}},"114":{"start":{"line":247,"column":8},"end":{"line":247,"column":37}},"115":{"start":{"line":248,"column":8},"end":{"line":248,"column":41}},"116":{"start":{"line":249,"column":8},"end":{"line":249,"column":31}},"117":{"start":{"line":252,"column":4},"end":{"line":252,"column":30}},"118":{"start":{"line":253,"column":4},"end":{"line":255,"column":6}},"119":{"start":{"line":257,"column":4},"end":{"line":257,"column":70}},"120":{"start":{"line":271,"column":38},"end":{"line":284,"column":1}},"121":{"start":{"line":272,"column":2},"end":{"line":283,"column":3}},"122":{"start":{"line":273,"column":21},"end":{"line":273,"column":56}},"123":{"start":{"line":274,"column":4},"end":{"line":276,"column":5}},"124":{"start":{"line":275,"column":6},"end":{"line":275,"column":44}},"125":{"start":{"line":277,"column":4},"end":{"line":279,"column":5}},"126":{"start":{"line":278,"column":6},"end":{"line":278,"column":64}},"127":{"start":{"line":281,"column":4},"end":{"line":281,"column":68}},"128":{"start":{"line":282,"column":4},"end":{"line":282,"column":16}},"129":{"start":{"line":286,"column":0},"end":{"line":295,"column":2}}},"fnMap":{"0":{"name":"(anonymous_0)","decl":{"start":{"line":13,"column":21},"end":{"line":13,"column":22}},"loc":{"start":{"line":13,"column":47},"end":{"line":35,"column":1}},"line":13},"1":{"name":"(anonymous_1)","decl":{"start":{"line":20,"column":44},"end":{"line":20,"column":45}},"loc":{"start":{"line":20,"column":58},"end":{"line":24,"column":5}},"line":20},"2":{"name":"(anonymous_2)","decl":{"start":{"line":48,"column":20},"end":{"line":48,"column":21}},"loc":{"start":{"line":48,"column":46},"end":{"line":59,"column":1}},"line":48},"3":{"name":"(anonymous_3)","decl":{"start":{"line":73,"column":23},"end":{"line":73,"column":24}},"loc":{"start":{"line":73,"column":49},"end":{"line":117,"column":1}},"line":73},"4":{"name":"(anonymous_4)","decl":{"start":{"line":132,"column":23},"end":{"line":132,"column":24}},"loc":{"start":{"line":132,"column":49},"end":{"line":170,"column":1}},"line":132},"5":{"name":"(anonymous_5)","decl":{"start":{"line":183,"column":23},"end":{"line":183,"column":24}},"loc":{"start":{"line":183,"column":49},"end":{"line":194,"column":1}},"line":183},"6":{"name":"(anonymous_6)","decl":{"start":{"line":206,"column":31},"end":{"line":206,"column":32}},"loc":{"start":{"line":206,"column":53},"end":{"line":227,"column":1}},"line":206},"7":{"name":"(anonymous_7)","decl":{"start":{"line":239,"column":31},"end":{"line":239,"column":32}},"loc":{"start":{"line":239,"column":43},"end":{"line":259,"column":1}},"line":239},"8":{"name":"(anonymous_8)","decl":{"start":{"line":245,"column":33},"end":{"line":245,"column":34}},"loc":{"start":{"line":245,"column":47},"end":{"line":251,"column":5}},"line":245},"9":{"name":"(anonymous_9)","decl":{"start":{"line":271,"column":38},"end":{"line":271,"column":39}},"loc":{"start":{"line":271,"column":60},"end":{"line":284,"column":1}},"line":271}},"branchMap":{"0":{"loc":{"start":{"line":16,"column":4},"end":{"line":19,"column":5}},"type":"if","locations":[{"start":{"line":16,"column":4},"end":{"line":19,"column":5}},{"start":{},"end":{}}],"line":16},"1":{"loc":{"start":{"line":26,"column":4},"end":{"line":29,"column":5}},"type":"if","locations":[{"start":{"line":26,"column":4},"end":{"line":29,"column":5}},{"start":{},"end":{}}],"line":26},"2":{"loc":{"start":{"line":51,"column":4},"end":{"line":54,"column":5}},"type":"if","locations":[{"start":{"line":51,"column":4},"end":{"line":54,"column":5}},{"start":{},"end":{}}],"line":51},"3":{"loc":{"start":{"line":76,"column":4},"end":{"line":79,"column":5}},"type":"if","locations":[{"start":{"line":76,"column":4},"end":{"line":79,"column":5}},{"start":{},"end":{}}],"line":76},"4":{"loc":{"start":{"line":80,"column":4},"end":{"line":83,"column":5}},"type":"if","locations":[{"start":{"line":80,"column":4},"end":{"line":83,"column":5}},{"start":{},"end":{}}],"line":80},"5":{"loc":{"start":{"line":84,"column":4},"end":{"line":87,"column":5}},"type":"if","locations":[{"start":{"line":84,"column":4},"end":{"line":87,"column":5}},{"start":{},"end":{}}],"line":84},"6":{"loc":{"start":{"line":88,"column":4},"end":{"line":91,"column":5}},"type":"if","locations":[{"start":{"line":88,"column":4},"end":{"line":91,"column":5}},{"start":{},"end":{}}],"line":88},"7":{"loc":{"start":{"line":92,"column":4},"end":{"line":95,"column":5}},"type":"if","locations":[{"start":{"line":92,"column":4},"end":{"line":95,"column":5}},{"start":{},"end":{}}],"line":92},"8":{"loc":{"start":{"line":96,"column":4},"end":{"line":99,"column":5}},"type":"if","locations":[{"start":{"line":96,"column":4},"end":{"line":99,"column":5}},{"start":{},"end":{}}],"line":96},"9":{"loc":{"start":{"line":100,"column":4},"end":{"line":103,"column":5}},"type":"if","locations":[{"start":{"line":100,"column":4},"end":{"line":103,"column":5}},{"start":{},"end":{}}],"line":100},"10":{"loc":{"start":{"line":100,"column":8},"end":{"line":100,"column":56}},"type":"binary-expr","locations":[{"start":{"line":100,"column":8},"end":{"line":100,"column":29}},{"start":{"line":100,"column":33},"end":{"line":100,"column":56}}],"line":100},"11":{"loc":{"start":{"line":136,"column":4},"end":{"line":136,"column":38}},"type":"if","locations":[{"start":{"line":136,"column":4},"end":{"line":136,"column":38}},{"start":{},"end":{}}],"line":136},"12":{"loc":{"start":{"line":137,"column":4},"end":{"line":137,"column":50}},"type":"if","locations":[{"start":{"line":137,"column":4},"end":{"line":137,"column":50}},{"start":{},"end":{}}],"line":137},"13":{"loc":{"start":{"line":138,"column":4},"end":{"line":138,"column":56}},"type":"if","locations":[{"start":{"line":138,"column":4},"end":{"line":138,"column":56}},{"start":{},"end":{}}],"line":138},"14":{"loc":{"start":{"line":139,"column":4},"end":{"line":139,"column":50}},"type":"if","locations":[{"start":{"line":139,"column":4},"end":{"line":139,"column":50}},{"start":{},"end":{}}],"line":139},"15":{"loc":{"start":{"line":140,"column":4},"end":{"line":140,"column":44}},"type":"if","locations":[{"start":{"line":140,"column":4},"end":{"line":140,"column":44}},{"start":{},"end":{}}],"line":140},"16":{"loc":{"start":{"line":141,"column":4},"end":{"line":141,"column":44}},"type":"if","locations":[{"start":{"line":141,"column":4},"end":{"line":141,"column":44}},{"start":{},"end":{}}],"line":141},"17":{"loc":{"start":{"line":142,"column":4},"end":{"line":145,"column":5}},"type":"if","locations":[{"start":{"line":142,"column":4},"end":{"line":145,"column":5}},{"start":{},"end":{}}],"line":142},"18":{"loc":{"start":{"line":147,"column":6},"end":{"line":150,"column":7}},"type":"if","locations":[{"start":{"line":147,"column":6},"end":{"line":150,"column":7}},{"start":{},"end":{}}],"line":147},"19":{"loc":{"start":{"line":147,"column":10},"end":{"line":147,"column":50}},"type":"binary-expr","locations":[{"start":{"line":147,"column":10},"end":{"line":147,"column":25}},{"start":{"line":147,"column":29},"end":{"line":147,"column":50}}],"line":147},"20":{"loc":{"start":{"line":160,"column":4},"end":{"line":163,"column":5}},"type":"if","locations":[{"start":{"line":160,"column":4},"end":{"line":163,"column":5}},{"start":{},"end":{}}],"line":160},"21":{"loc":{"start":{"line":186,"column":4},"end":{"line":189,"column":5}},"type":"if","locations":[{"start":{"line":186,"column":4},"end":{"line":189,"column":5}},{"start":{},"end":{}}],"line":186},"22":{"loc":{"start":{"line":209,"column":4},"end":{"line":211,"column":5}},"type":"if","locations":[{"start":{"line":209,"column":4},"end":{"line":211,"column":5}},{"start":{},"end":{}}],"line":209},"23":{"loc":{"start":{"line":212,"column":4},"end":{"line":214,"column":5}},"type":"if","locations":[{"start":{"line":212,"column":4},"end":{"line":214,"column":5}},{"start":{},"end":{}}],"line":212},"24":{"loc":{"start":{"line":216,"column":4},"end":{"line":218,"column":5}},"type":"if","locations":[{"start":{"line":216,"column":4},"end":{"line":218,"column":5}},{"start":{},"end":{}}],"line":216},"25":{"loc":{"start":{"line":242,"column":4},"end":{"line":244,"column":5}},"type":"if","locations":[{"start":{"line":242,"column":4},"end":{"line":244,"column":5}},{"start":{},"end":{}}],"line":242},"26":{"loc":{"start":{"line":246,"column":6},"end":{"line":250,"column":7}},"type":"if","locations":[{"start":{"line":246,"column":6},"end":{"line":250,"column":7}},{"start":{},"end":{}}],"line":246},"27":{"loc":{"start":{"line":274,"column":4},"end":{"line":276,"column":5}},"type":"if","locations":[{"start":{"line":274,"column":4},"end":{"line":276,"column":5}},{"start":{},"end":{}}],"line":274},"28":{"loc":{"start":{"line":277,"column":4},"end":{"line":279,"column":5}},"type":"if","locations":[{"start":{"line":277,"column":4},"end":{"line":279,"column":5}},{"start":{},"end":{}}],"line":277}},"s":{"0":1,"1":1,"2":4,"3":4,"4":4,"5":1,"6":1,"7":3,"8":6,"9":6,"10":6,"11":3,"12":1,"13":1,"14":2,"15":2,"16":1,"17":0,"18":0,"19":0,"20":0,"21":0,"22":0,"23":0,"24":1,"25":0,"26":0,"27":0,"28":0,"29":0,"30":0,"31":0,"32":0,"33":0,"34":0,"35":0,"36":0,"37":0,"38":0,"39":0,"40":0,"41":0,"42":0,"43":0,"44":0,"45":0,"46":0,"47":0,"48":0,"49":0,"50":0,"51":0,"52":1,"53":0,"54":0,"55":0,"56":0,"57":0,"58":0,"59":0,"60":0,"61":0,"62":0,"63":0,"64":0,"65":0,"66":0,"67":0,"68":0,"69":0,"70":0,"71":0,"72":0,"73":0,"74":0,"75":0,"76":0,"77":0,"78":0,"79":0,"80":0,"81":0,"82":0,"83":1,"84":0,"85":0,"86":0,"87":0,"88":0,"89":0,"90":0,"91":1,"92":0,"93":0,"94":0,"95":0,"96":0,"97":0,"98":0,"99":0,"100":0,"101":0,"102":0,"103":0,"104":0,"105":0,"106":0,"107":1,"108":0,"109":0,"110":0,"111":0,"112":0,"113":0,"114":0,"115":0,"116":0,"117":0,"118":0,"119":0,"120":1,"121":0,"122":0,"123":0,"124":0,"125":0,"126":0,"127":0,"128":0,"129":1},"f":{"0":4,"1":6,"2":0,"3":0,"4":0,"5":0,"6":0,"7":0,"8":0,"9":0},"b":{"0":[1,3],"1":[1,2],"2":[0,0],"3":[0,0],"4":[0,0],"5":[0,0],"6":[0,0],"7":[0,0],"8":[0,0],"9":[0,0],"10":[0,0],"11":[0,0],"12":[0,0],"13":[0,0],"14":[0,0],"15":[0,0],"16":[0,0],"17":[0,0],"18":[0,0],"19":[0,0],"20":[0,0],"21":[0,0],"22":[0,0],"23":[0,0],"24":[0,0],"25":[0,0],"26":[0,0],"27":[0,0],"28":[0,0]},"_coverageSchema":"1a1c01bbd47fc00a2c39e90264f33305004495a9","hash":"774616d23b5f6e85963cd01303ac2d0cca872411"}
}
